<<<<<<< HEAD
2020-03-06 07:34:36 [INFO ] [StartupInfoLogger.java]logStarting(55) : Starting BootApplication on DESKTOP-P8JQQNA with PID 4488 (C:\Users\USER\git\w_sound\door\bin\main started by USER in C:\Users\USER\git\w_sound\door)
2020-03-06 07:34:36 [INFO ] [SpringApplication.java]logStartupProfileInfo(651) : No active profile set, falling back to default profiles: default
2020-03-06 07:34:39 [INFO ] [StartupInfoLogger.java]logStarted(61) : Started BootApplication in 2.908 seconds (JVM running for 3.669)
2020-03-06 16:01:12 [INFO ] [StartupInfoLogger.java]logStarting(55) : Starting BootApplication on DESKTOP-P8JQQNA with PID 4488 (C:\Users\USER\git\w_sound\door\bin\main started by USER in C:\Users\USER\git\w_sound\door)
2020-03-06 16:01:12 [INFO ] [SpringApplication.java]logStartupProfileInfo(651) : No active profile set, falling back to default profiles: default
2020-03-06 16:01:13 [WARN ] [AbstractApplicationContext.java]refresh(558) : Exception encountered during context initialization - cancelling refresh attempt: org.springframework.beans.factory.BeanCreationException: Error creating bean with name 'sqlSessionFactory' defined in class path resource [com/sound/door/Application/JdbcApplication.class]: Bean instantiation via factory method failed; nested exception is org.springframework.beans.BeanInstantiationException: Failed to instantiate [org.apache.ibatis.session.SqlSessionFactory]: Factory method 'sqlSessionFactory' threw exception; nested exception is org.springframework.core.NestedIOException: Failed to parse mapping resource: 'file [C:\Users\USER\git\w_sound\door\bin\main\query\common\test_mapper.xml]'; nested exception is org.apache.ibatis.builder.BuilderException: Error parsing Mapper XML. The XML location is 'file [C:\Users\USER\git\w_sound\door\bin\main\query\common\test_mapper.xml]'. Cause: org.apache.ibatis.builder.BuilderException: Error resolving class. Cause: org.apache.ibatis.type.TypeException: Could not resolve type alias 'com.sound.door.Common.SYSDept'.  Cause: java.lang.ClassNotFoundException: Cannot find class: com.sound.door.Common.SYSDept
2020-03-06 16:01:13 [ERROR] [SpringApplication.java]reportFailure(826) : Application run failed
org.springframework.beans.factory.BeanCreationException: Error creating bean with name 'sqlSessionFactory' defined in class path resource [com/sound/door/Application/JdbcApplication.class]: Bean instantiation via factory method failed; nested exception is org.springframework.beans.BeanInstantiationException: Failed to instantiate [org.apache.ibatis.session.SqlSessionFactory]: Factory method 'sqlSessionFactory' threw exception; nested exception is org.springframework.core.NestedIOException: Failed to parse mapping resource: 'file [C:\Users\USER\git\w_sound\door\bin\main\query\common\test_mapper.xml]'; nested exception is org.apache.ibatis.builder.BuilderException: Error parsing Mapper XML. The XML location is 'file [C:\Users\USER\git\w_sound\door\bin\main\query\common\test_mapper.xml]'. Cause: org.apache.ibatis.builder.BuilderException: Error resolving class. Cause: org.apache.ibatis.type.TypeException: Could not resolve type alias 'com.sound.door.Common.SYSDept'.  Cause: java.lang.ClassNotFoundException: Cannot find class: com.sound.door.Common.SYSDept
	at org.springframework.beans.factory.support.ConstructorResolver.instantiate(ConstructorResolver.java:656)
	at org.springframework.beans.factory.support.ConstructorResolver.instantiateUsingFactoryMethod(ConstructorResolver.java:636)
	at org.springframework.beans.factory.support.AbstractAutowireCapableBeanFactory.instantiateUsingFactoryMethod(AbstractAutowireCapableBeanFactory.java:1338)
	at org.springframework.beans.factory.support.AbstractAutowireCapableBeanFactory.createBeanInstance(AbstractAutowireCapableBeanFactory.java:1177)
	at org.springframework.beans.factory.support.AbstractAutowireCapableBeanFactory.doCreateBean(AbstractAutowireCapableBeanFactory.java:557)
	at org.springframework.beans.factory.support.AbstractAutowireCapableBeanFactory.createBean(AbstractAutowireCapableBeanFactory.java:517)
	at org.springframework.beans.factory.support.AbstractBeanFactory.lambda$doGetBean$0(AbstractBeanFactory.java:323)
	at org.springframework.beans.factory.support.DefaultSingletonBeanRegistry.getSingleton(DefaultSingletonBeanRegistry.java:222)
	at org.springframework.beans.factory.support.AbstractBeanFactory.doGetBean(AbstractBeanFactory.java:321)
	at org.springframework.beans.factory.support.AbstractBeanFactory.getBean(AbstractBeanFactory.java:202)
	at org.springframework.beans.factory.support.DefaultListableBeanFactory.preInstantiateSingletons(DefaultListableBeanFactory.java:879)
	at org.springframework.context.support.AbstractApplicationContext.finishBeanFactoryInitialization(AbstractApplicationContext.java:878)
	at org.springframework.context.support.AbstractApplicationContext.refresh(AbstractApplicationContext.java:550)
	at org.springframework.boot.web.servlet.context.ServletWebServerApplicationContext.refresh(ServletWebServerApplicationContext.java:141)
	at org.springframework.boot.SpringApplication.refresh(SpringApplication.java:747)
	at org.springframework.boot.SpringApplication.refreshContext(SpringApplication.java:397)
	at org.springframework.boot.SpringApplication.run(SpringApplication.java:315)
	at org.springframework.boot.SpringApplication.run(SpringApplication.java:1226)
	at org.springframework.boot.SpringApplication.run(SpringApplication.java:1215)
	at com.sound.door.BootApplication.main(BootApplication.java:10)
	at sun.reflect.NativeMethodAccessorImpl.invoke0(Native Method)
	at sun.reflect.NativeMethodAccessorImpl.invoke(Unknown Source)
	at sun.reflect.DelegatingMethodAccessorImpl.invoke(Unknown Source)
	at java.lang.reflect.Method.invoke(Unknown Source)
	at org.springframework.boot.devtools.restart.RestartLauncher.run(RestartLauncher.java:49)
Caused by: org.springframework.beans.BeanInstantiationException: Failed to instantiate [org.apache.ibatis.session.SqlSessionFactory]: Factory method 'sqlSessionFactory' threw exception; nested exception is org.springframework.core.NestedIOException: Failed to parse mapping resource: 'file [C:\Users\USER\git\w_sound\door\bin\main\query\common\test_mapper.xml]'; nested exception is org.apache.ibatis.builder.BuilderException: Error parsing Mapper XML. The XML location is 'file [C:\Users\USER\git\w_sound\door\bin\main\query\common\test_mapper.xml]'. Cause: org.apache.ibatis.builder.BuilderException: Error resolving class. Cause: org.apache.ibatis.type.TypeException: Could not resolve type alias 'com.sound.door.Common.SYSDept'.  Cause: java.lang.ClassNotFoundException: Cannot find class: com.sound.door.Common.SYSDept
	at org.springframework.beans.factory.support.SimpleInstantiationStrategy.instantiate(SimpleInstantiationStrategy.java:185)
	at org.springframework.beans.factory.support.ConstructorResolver.instantiate(ConstructorResolver.java:651)
	... 24 common frames omitted
Caused by: org.springframework.core.NestedIOException: Failed to parse mapping resource: 'file [C:\Users\USER\git\w_sound\door\bin\main\query\common\test_mapper.xml]'; nested exception is org.apache.ibatis.builder.BuilderException: Error parsing Mapper XML. The XML location is 'file [C:\Users\USER\git\w_sound\door\bin\main\query\common\test_mapper.xml]'. Cause: org.apache.ibatis.builder.BuilderException: Error resolving class. Cause: org.apache.ibatis.type.TypeException: Could not resolve type alias 'com.sound.door.Common.SYSDept'.  Cause: java.lang.ClassNotFoundException: Cannot find class: com.sound.door.Common.SYSDept
	at org.mybatis.spring.SqlSessionFactoryBean.buildSqlSessionFactory(SqlSessionFactoryBean.java:595)
	at org.mybatis.spring.SqlSessionFactoryBean.afterPropertiesSet(SqlSessionFactoryBean.java:475)
	at org.mybatis.spring.SqlSessionFactoryBean.getObject(SqlSessionFactoryBean.java:615)
	at com.sound.door.Application.JdbcApplication.sqlSessionFactory(JdbcApplication.java:22)
	at com.sound.door.Application.JdbcApplication$$EnhancerBySpringCGLIB$$3518898c.CGLIB$sqlSessionFactory$0(<generated>)
	at com.sound.door.Application.JdbcApplication$$EnhancerBySpringCGLIB$$3518898c$$FastClassBySpringCGLIB$$26f073cb.invoke(<generated>)
	at org.springframework.cglib.proxy.MethodProxy.invokeSuper(MethodProxy.java:244)
	at org.springframework.context.annotation.ConfigurationClassEnhancer$BeanMethodInterceptor.intercept(ConfigurationClassEnhancer.java:331)
	at com.sound.door.Application.JdbcApplication$$EnhancerBySpringCGLIB$$3518898c.sqlSessionFactory(<generated>)
	at sun.reflect.NativeMethodAccessorImpl.invoke0(Native Method)
	at sun.reflect.NativeMethodAccessorImpl.invoke(Unknown Source)
	at sun.reflect.DelegatingMethodAccessorImpl.invoke(Unknown Source)
	at java.lang.reflect.Method.invoke(Unknown Source)
	at org.springframework.beans.factory.support.SimpleInstantiationStrategy.instantiate(SimpleInstantiationStrategy.java:154)
	... 25 common frames omitted
Caused by: org.apache.ibatis.builder.BuilderException: Error parsing Mapper XML. The XML location is 'file [C:\Users\USER\git\w_sound\door\bin\main\query\common\test_mapper.xml]'. Cause: org.apache.ibatis.builder.BuilderException: Error resolving class. Cause: org.apache.ibatis.type.TypeException: Could not resolve type alias 'com.sound.door.Common.SYSDept'.  Cause: java.lang.ClassNotFoundException: Cannot find class: com.sound.door.Common.SYSDept
	at org.apache.ibatis.builder.xml.XMLMapperBuilder.configurationElement(XMLMapperBuilder.java:122)
	at org.apache.ibatis.builder.xml.XMLMapperBuilder.parse(XMLMapperBuilder.java:94)
	at org.mybatis.spring.SqlSessionFactoryBean.buildSqlSessionFactory(SqlSessionFactoryBean.java:593)
	... 38 common frames omitted
Caused by: org.apache.ibatis.builder.BuilderException: Error resolving class. Cause: org.apache.ibatis.type.TypeException: Could not resolve type alias 'com.sound.door.Common.SYSDept'.  Cause: java.lang.ClassNotFoundException: Cannot find class: com.sound.door.Common.SYSDept
	at org.apache.ibatis.builder.BaseBuilder.resolveClass(BaseBuilder.java:118)
	at org.apache.ibatis.builder.xml.XMLStatementBuilder.parseStatementNode(XMLStatementBuilder.java:102)
	at org.apache.ibatis.builder.xml.XMLMapperBuilder.buildStatementFromContext(XMLMapperBuilder.java:137)
	at org.apache.ibatis.builder.xml.XMLMapperBuilder.buildStatementFromContext(XMLMapperBuilder.java:130)
	at org.apache.ibatis.builder.xml.XMLMapperBuilder.configurationElement(XMLMapperBuilder.java:120)
	... 40 common frames omitted
Caused by: org.apache.ibatis.type.TypeException: Could not resolve type alias 'com.sound.door.Common.SYSDept'.  Cause: java.lang.ClassNotFoundException: Cannot find class: com.sound.door.Common.SYSDept
	at org.apache.ibatis.type.TypeAliasRegistry.resolveAlias(TypeAliasRegistry.java:120)
	at org.apache.ibatis.builder.BaseBuilder.resolveAlias(BaseBuilder.java:149)
	at org.apache.ibatis.builder.BaseBuilder.resolveClass(BaseBuilder.java:116)
	... 44 common frames omitted
Caused by: java.lang.ClassNotFoundException: Cannot find class: com.sound.door.Common.SYSDept
	at org.apache.ibatis.io.ClassLoaderWrapper.classForName(ClassLoaderWrapper.java:200)
	at org.apache.ibatis.io.ClassLoaderWrapper.classForName(ClassLoaderWrapper.java:89)
	at org.apache.ibatis.io.Resources.classForName(Resources.java:261)
	at org.apache.ibatis.type.TypeAliasRegistry.resolveAlias(TypeAliasRegistry.java:116)
	... 46 common frames omitted
2020-03-06 16:05:42 [INFO ] [StartupInfoLogger.java]logStarting(55) : Starting BootApplication on DESKTOP-P8JQQNA with PID 4488 (C:\Users\USER\git\w_sound\door\bin\main started by USER in C:\Users\USER\git\w_sound\door)
2020-03-06 16:05:42 [INFO ] [SpringApplication.java]logStartupProfileInfo(651) : No active profile set, falling back to default profiles: default
2020-03-06 16:05:43 [INFO ] [StartupInfoLogger.java]logStarted(61) : Started BootApplication in 1.31 seconds (JVM running for 30664.971)
=======
2020-03-06 07:34:36 [INFO ] [StartupInfoLogger.java]logStarting(55) : Starting BootApplication on DESKTOP-P8JQQNA with PID 4488 (C:\Users\USER\git\w_sound\door\bin\main started by USER in C:\Users\USER\git\w_sound\door)
2020-03-06 07:34:36 [INFO ] [SpringApplication.java]logStartupProfileInfo(651) : No active profile set, falling back to default profiles: default
2020-03-06 07:34:39 [INFO ] [StartupInfoLogger.java]logStarted(61) : Started BootApplication in 2.908 seconds (JVM running for 3.669)
2020-03-06 15:48:30 [INFO ] [StartupInfoLogger.java]logStarting(55) : Starting BootApplication on DESKTOP-1V2UL8N with PID 5044 (C:\Users\USER\Desktop\gigigit\w_sound\door\bin\main started by USER in C:\Users\USER\Desktop\gigigit\w_sound\door)
2020-03-06 15:48:30 [INFO ] [SpringApplication.java]logStartupProfileInfo(651) : No active profile set, falling back to default profiles: default
2020-03-06 15:48:35 [WARN ] [OptionalLiveReloadServer.java]startServer(61) : Unable to start LiveReload server
2020-03-06 15:48:35 [ERROR] [LoggingFailureAnalysisReporter.java]report(40) : 

***************************
APPLICATION FAILED TO START
***************************

Description:

Web server failed to start. Port 9003 was already in use.

Action:

Identify and stop the process that's listening on port 9003 or configure this application to listen on another port.

2020-03-06 15:48:56 [INFO ] [StartupInfoLogger.java]logStarting(55) : Starting BootApplication on DESKTOP-1V2UL8N with PID 18140 (C:\Users\USER\Desktop\gigigit\w_sound\door\bin\main started by USER in C:\Users\USER\Desktop\gigigit\w_sound\door)
2020-03-06 15:48:56 [INFO ] [SpringApplication.java]logStartupProfileInfo(651) : No active profile set, falling back to default profiles: default
2020-03-06 15:48:59 [INFO ] [StartupInfoLogger.java]logStarted(61) : Started BootApplication in 4.123 seconds (JVM running for 5.021)
2020-03-06 15:49:21 [INFO ] [StartupInfoLogger.java]logStarting(55) : Starting BootApplication on DESKTOP-1V2UL8N with PID 19444 (C:\Users\USER\Desktop\gigigit\w_sound\door\bin\main started by USER in C:\Users\USER\Desktop\gigigit\w_sound\door)
2020-03-06 15:49:21 [INFO ] [SpringApplication.java]logStartupProfileInfo(651) : No active profile set, falling back to default profiles: default
2020-03-06 15:49:25 [WARN ] [OptionalLiveReloadServer.java]startServer(61) : Unable to start LiveReload server
2020-03-06 15:49:25 [ERROR] [LoggingFailureAnalysisReporter.java]report(40) : 

***************************
APPLICATION FAILED TO START
***************************

Description:

Web server failed to start. Port 9003 was already in use.

Action:

Identify and stop the process that's listening on port 9003 or configure this application to listen on another port.

2020-03-06 15:49:34 [INFO ] [StartupInfoLogger.java]logStarting(55) : Starting BootApplication on DESKTOP-1V2UL8N with PID 19940 (C:\Users\USER\Desktop\gigigit\w_sound\door\bin\main started by USER in C:\Users\USER\Desktop\gigigit\w_sound\door)
2020-03-06 15:49:34 [INFO ] [SpringApplication.java]logStartupProfileInfo(651) : No active profile set, falling back to default profiles: default
2020-03-06 15:49:38 [INFO ] [StartupInfoLogger.java]logStarted(61) : Started BootApplication in 4.564 seconds (JVM running for 5.722)
2020-03-06 15:50:22 [INFO ] [StartupInfoLogger.java]logStarting(55) : Starting BootApplication on DESKTOP-1V2UL8N with PID 19940 (C:\Users\USER\Desktop\gigigit\w_sound\door\bin\main started by USER in C:\Users\USER\Desktop\gigigit\w_sound\door)
2020-03-06 15:50:22 [INFO ] [SpringApplication.java]logStartupProfileInfo(651) : No active profile set, falling back to default profiles: default
2020-03-06 15:50:23 [INFO ] [StartupInfoLogger.java]logStarted(61) : Started BootApplication in 1.584 seconds (JVM running for 50.604)
2020-03-06 15:51:09 [INFO ] [StartupInfoLogger.java]logStarting(55) : Starting BootApplication on DESKTOP-1V2UL8N with PID 19940 (C:\Users\USER\Desktop\gigigit\w_sound\door\bin\main started by USER in C:\Users\USER\Desktop\gigigit\w_sound\door)
2020-03-06 15:51:09 [INFO ] [SpringApplication.java]logStartupProfileInfo(651) : No active profile set, falling back to default profiles: default
2020-03-06 15:51:11 [INFO ] [StartupInfoLogger.java]logStarted(61) : Started BootApplication in 1.748 seconds (JVM running for 98.516)
2020-03-06 15:51:22 [WARN ] [HikariConfig.java]validateNumerics(1009) : HikariPool-1 - idleTimeout has been set but has no effect because the pool is operating as a fixed size pool.
2020-03-06 15:51:22 [INFO ] [HikariDataSource.java]getConnection(110) : HikariPool-1 - Starting...
2020-03-06 15:51:23 [INFO ] [HikariDataSource.java]getConnection(123) : HikariPool-1 - Start completed.
2020-03-06 16:03:20 [INFO ] [HikariDataSource.java]close(350) : HikariPool-1 - Shutdown initiated...
2020-03-06 16:03:20 [INFO ] [HikariDataSource.java]close(352) : HikariPool-1 - Shutdown completed.
2020-03-06 16:03:21 [INFO ] [StartupInfoLogger.java]logStarting(55) : Starting BootApplication on DESKTOP-1V2UL8N with PID 19940 (C:\Users\USER\Desktop\gigigit\w_sound\door\bin\main started by USER in C:\Users\USER\Desktop\gigigit\w_sound\door)
2020-03-06 16:03:21 [INFO ] [SpringApplication.java]logStartupProfileInfo(651) : No active profile set, falling back to default profiles: default
2020-03-06 16:03:23 [INFO ] [StartupInfoLogger.java]logStarted(61) : Started BootApplication in 1.597 seconds (JVM running for 830.056)
>>>>>>> branch 'master' of https://github.com/w8230/w_sound.git
